<?xml version="1.0" encoding="UTF-8"?>
<!-- Generated by org.testng.reporters.JUnitReportReporter -->
<testsuite skipped="0" hostname="Geets-MacBook-Pro.local" name="MyAccount.Update_User_information" tests="1" failures="0" timestamp="19 Jun 2018 06:08:55 GMT" time="62.923" errors="0">
  <testcase name="AccountInformation" time="62.923" classname="MyAccount.Update_User_information"/>
</testsuite> <!-- MyAccount.Update_User_information -->
