<?xml version="1.0" encoding="UTF-8"?>
<!-- Generated by org.testng.reporters.JUnitReportReporter -->
<testsuite skipped="0" hostname="Geets-MacBook-Pro.local" name="MyAccount.AccountInformation" tests="1" failures="0" timestamp="19 Jun 2018 02:54:46 GMT" time="51.806" errors="0">
  <testcase name="AccountInformation" time="51.806" classname="MyAccount.AccountInformation"/>
</testsuite> <!-- MyAccount.AccountInformation -->
