<?xml version="1.0" encoding="UTF-8"?>
<!-- Generated by org.testng.reporters.JUnitReportReporter -->
<testsuite skipped="0" hostname="Geets-MacBook-Pro.local" name="MyAccount.Update_Account_Information" tests="1" failures="0" timestamp="19 Jun 2018 05:40:32 GMT" time="70.753" errors="0">
  <testcase name="AccountInformation" time="70.753" classname="MyAccount.Update_Account_Information"/>
</testsuite> <!-- MyAccount.Update_Account_Information -->
