<?xml version="1.0" encoding="UTF-8"?>
<!-- Generated by org.testng.reporters.JUnitReportReporter -->
<testsuite skipped="0" hostname="Geets-MacBook-Pro.local" name="SamplePackage.TestClass" tests="1" failures="0" timestamp="15 Jun 2018 01:05:35 GMT" time="40.569" errors="0">
  <testcase name="f" time="40.569" classname="SamplePackage.TestClass"/>
</testsuite> <!-- SamplePackage.TestClass -->
